<?xml version="1.0" encoding="UTF-8"?>
<!-- Generated by org.testng.reporters.JUnitReportReporter -->
<testsuite skipped="0" hostname="DESKTOP-I7FVRC3" name="Test.ExtentReportsDemoWithTestNG" tests="2" failures="0" timestamp="13 Feb 2020 19:03:38 GMT" time="1.014" errors="0">
  <testcase name="test1" time="1.012" classname="Test.ExtentReportsDemoWithTestNG"/>
  <testcase name="test2" time="0.002" classname="Test.ExtentReportsDemoWithTestNG"/>
</testsuite> <!-- Test.ExtentReportsDemoWithTestNG -->
