<?xml version="1.0" encoding="UTF-8"?>
<!-- Generated by org.testng.reporters.JUnitReportReporter -->
<testsuite skipped="0" hostname="DESKTOP-I7FVRC3" name="demo.DataProviderClass" tests="2" failures="0" timestamp="25 Mar 2020 00:11:19 GMT" time="0.006" errors="0">
  <testcase name="loginTest" time="0.002" classname="demo.DataProviderClass"/>
  <testcase name="loginTest" time="0.004" classname="demo.DataProviderClass"/>
</testsuite> <!-- demo.DataProviderClass -->
