<?xml version="1.0" encoding="UTF-8"?>
<!-- Generated by org.testng.reporters.JUnitReportReporter -->
<testsuite skipped="0" hostname="DESKTOP-I7FVRC3" name="Utils.ExcelDataProvider" tests="3" failures="0" timestamp="10 Mar 2020 17:30:11 GMT" time="2.410" errors="0">
  <testcase name="test1" time="0.515" classname="Utils.ExcelDataProvider"/>
  <testcase name="test1" time="1.381" classname="Utils.ExcelDataProvider"/>
  <testcase name="test1" time="0.514" classname="Utils.ExcelDataProvider"/>
</testsuite> <!-- Utils.ExcelDataProvider -->
