<?xml version="1.0" encoding="UTF-8"?>
<!-- Generated by org.testng.reporters.JUnitReportReporter -->
<testsuite skipped="0" hostname="DESKTOP-I7FVRC3" name="demo.TestNGGroupsDemo" tests="3" failures="0" timestamp="15 Mar 2020 22:54:21 GMT" time="0.009" errors="0">
  <testcase name="test1" time="0.007" classname="demo.TestNGGroupsDemo"/>
  <testcase name="test3" time="0.001" classname="demo.TestNGGroupsDemo"/>
  <testcase name="test2" time="0.001" classname="demo.TestNGGroupsDemo"/>
</testsuite> <!-- demo.TestNGGroupsDemo -->
