<?xml version="1.0" encoding="UTF-8"?>
<!-- Generated by org.testng.reporters.JUnitReportReporter -->
<testsuite skipped="0" hostname="DESKTOP-I7FVRC3" name="demo.TestNGMultiBrowserDemo" tests="3" failures="0" timestamp="15 Mar 2020 19:37:57 GMT" time="21.528" errors="0">
  <testcase name="test1" time="6.182" classname="demo.TestNGMultiBrowserDemo"/>
  <testcase name="test1" time="7.767" classname="demo.TestNGMultiBrowserDemo"/>
  <testcase name="test1" time="7.579" classname="demo.TestNGMultiBrowserDemo"/>
</testsuite> <!-- demo.TestNGMultiBrowserDemo -->
