<?xml version="1.0" encoding="UTF-8"?>
<!-- Generated by org.testng.reporters.JUnitReportReporter -->
<testsuite skipped="0" hostname="DESKTOP-I7FVRC3" name="Demo.ParameterizedTest" tests="1" failures="0" timestamp="24 Mar 2020 23:46:06 GMT" time="7.103" errors="0">
  <testcase name="test1" time="7.103" classname="Demo.ParameterizedTest"/>
</testsuite> <!-- Demo.ParameterizedTest -->
