<?xml version="1.0" encoding="UTF-8"?>
<!-- Generated by org.testng.reporters.JUnitReportReporter -->
<testsuite skipped="0" hostname="DESKTOP-I7FVRC3" name="demo.AssertionExample" tests="1" failures="0" timestamp="20 Mar 2020 14:00:22 GMT" time="4.588" errors="0">
  <testcase name="assertion" time="4.588" classname="demo.AssertionExample"/>
</testsuite> <!-- demo.AssertionExample -->
