<?xml version="1.0" encoding="UTF-8"?>
<!-- Generated by org.testng.reporters.JUnitReportReporter -->
<testsuite skipped="0" hostname="DESKTOP-I7FVRC3" name="demo.TestNGDependencyDemo" tests="2" failures="0" timestamp="17 Mar 2020 15:11:11 GMT" time="0.009" errors="0">
  <testcase name="test1" time="0.001" classname="demo.TestNGDependencyDemo"/>
  <testcase name="test2" time="0.008" classname="demo.TestNGDependencyDemo"/>
</testsuite> <!-- demo.TestNGDependencyDemo -->
