<?xml version="1.0" encoding="UTF-8"?>
<!-- Generated by org.testng.reporters.JUnitReportReporter -->
<testsuite skipped="0" hostname="DESKTOP-I7FVRC3" name="HighlighterClass" tests="1" failures="0" timestamp="24 Mar 2020 22:50:12 GMT" time="5.500" errors="0">
  <testcase name="highlighterElement" time="5.500" classname="HighlighterClass"/>
</testsuite> <!-- HighlighterClass -->
