<?xml version="1.0" encoding="UTF-8"?>
<!-- Generated by org.testng.reporters.JUnitReportReporter -->
<testsuite skipped="0" hostname="DESKTOP-I7FVRC3" name="demo.TestNGParametersDemo" tests="1" failures="0" timestamp="17 Mar 2020 15:05:29 GMT" time="0.009" errors="0">
  <testcase name="test" time="0.009" classname="demo.TestNGParametersDemo"/>
</testsuite> <!-- demo.TestNGParametersDemo -->
