<?xml version="1.0" encoding="UTF-8"?>
<!-- Generated by org.testng.reporters.JUnitReportReporter -->
<testsuite skipped="0" hostname="DESKTOP-I7FVRC3" name="Test.TestNG_Demo" tests="1" failures="0" timestamp="15 Feb 2020 15:39:58 GMT" time="2.177" errors="0">
  <testcase name="googleSearch" time="2.177" classname="Test.TestNG_Demo"/>
</testsuite> <!-- Test.TestNG_Demo -->
